#                             -*- compilation -*-
74. named-refs.at:583: testing Comments in brackets ...
/named-refs.at:593: COLUMNS=1000; export COLUMNS; NO_TERM_HYPERLINKS=1; export NO_TERM_HYPERLINKS; VALGRIND_OPTS="$VALGRIND_OPTS --leak-check=summary --show-reachable=no"; export VALGRIND_OPTS;  bison --color=no -fno-caret -o test.c test.y
--- -	2020-10-21 22:27:31.000000000 +0900
+++ /Users/peacesong/Workspace/College_Materials/2020-2/Compilers/bison-3.7/tests/testsuite.dir/at-groups/74/stderr	2020-10-21 22:27:31.000000000 +0900
@@ -1,2 +1,3 @@
-test.y:11.25: error: an identifier expected
+/Library/Developer/CommandLineTools/usr/bin/bison: unrecognized option `--color=no'
+Try `/Library/Developer/CommandLineTools/usr/bin/bison --help' for more information.
 
74. named-refs.at:583: 74. Comments in brackets (named-refs.at:583): FAILED (named-refs.at:593)
