#                             -*- compilation -*-
76. named-refs.at:618: testing Redundant words in LHS brackets ...
/named-refs.at:627: COLUMNS=1000; export COLUMNS; NO_TERM_HYPERLINKS=1; export NO_TERM_HYPERLINKS; VALGRIND_OPTS="$VALGRIND_OPTS --leak-check=summary --show-reachable=no"; export VALGRIND_OPTS;  bison --color=no -fno-caret -o test.c test.y
--- -	2020-10-21 22:27:31.000000000 +0900
+++ /Users/peacesong/Workspace/College_Materials/2020-2/Compilers/bison-3.7/tests/testsuite.dir/at-groups/76/stderr	2020-10-21 22:27:31.000000000 +0900
@@ -1,2 +1,3 @@
-test.y:11.9: error: unexpected identifier in bracketed name: 's'
+/Library/Developer/CommandLineTools/usr/bin/bison: unrecognized option `--color=no'
+Try `/Library/Developer/CommandLineTools/usr/bin/bison --help' for more information.
 
76. named-refs.at:618: 76. Redundant words in LHS brackets (named-refs.at:618): FAILED (named-refs.at:627)
