#                             -*- compilation -*-
156. skeletons.at:142: testing Boolean=variables: invalid skeleton defaults ...
/skeletons.at:157: COLUMNS=1000; export COLUMNS; NO_TERM_HYPERLINKS=1; export NO_TERM_HYPERLINKS; VALGRIND_OPTS="$VALGRIND_OPTS --leak-check=summary --show-reachable=no"; export VALGRIND_OPTS;  bison --color=no -fno-caret input.y
--- -	2020-10-21 22:27:35.000000000 +0900
+++ /Users/peacesong/Workspace/College_Materials/2020-2/Compilers/bison-3.7/tests/testsuite.dir/at-groups/156/stderr	2020-10-21 22:27:35.000000000 +0900
@@ -1,2 +1,3 @@
-<skeleton default value>: error: invalid value for %define Boolean variable 'foo'
+/Library/Developer/CommandLineTools/usr/bin/bison: unrecognized option `--color=no'
+Try `/Library/Developer/CommandLineTools/usr/bin/bison --help' for more information.
 
156. skeletons.at:142: 156. Boolean=variables: invalid skeleton defaults (skeletons.at:142): FAILED (skeletons.at:157)
