#                             -*- compilation -*-
234. conflicts.at:1341: testing %expect in grammar rule not enough ...
/conflicts.at:1352: COLUMNS=1000; export COLUMNS; NO_TERM_HYPERLINKS=1; export NO_TERM_HYPERLINKS; VALGRIND_OPTS="$VALGRIND_OPTS --leak-check=summary --show-reachable=no"; export VALGRIND_OPTS;  bison --color=no -fno-caret -o input.c input.y
--- -	2020-10-21 22:27:41.000000000 +0900
+++ /Users/peacesong/Workspace/College_Materials/2020-2/Compilers/bison-3.7/tests/testsuite.dir/at-groups/234/stderr	2020-10-21 22:27:41.000000000 +0900
@@ -1,2 +1,3 @@
-input.y:4.6-25: error: shift/reduce conflicts for rule 1: 1 found, 0 expected
+/Library/Developer/CommandLineTools/usr/bin/bison: unrecognized option `--color=no'
+Try `/Library/Developer/CommandLineTools/usr/bin/bison --help' for more information.
 
234. conflicts.at:1341: 234. %expect in grammar rule not enough (conflicts.at:1341): FAILED (conflicts.at:1352)
