#                             -*- compilation -*-
37. input.at:1691: testing Unclosed constructs ...
/input.at:1737: COLUMNS=1000; export COLUMNS; NO_TERM_HYPERLINKS=1; export NO_TERM_HYPERLINKS; VALGRIND_OPTS="$VALGRIND_OPTS --leak-check=summary --show-reachable=no"; export VALGRIND_OPTS;  bison --color=no -fno-caret -fcaret -o input.c input.y
--- -	2020-10-21 22:27:28.000000000 +0900
+++ /Users/peacesong/Workspace/College_Materials/2020-2/Compilers/bison-3.7/tests/testsuite.dir/at-groups/37/stderr	2020-10-21 22:27:28.000000000 +0900
@@ -1,17 +1,3 @@
-input.y:1.10-2.0: error: missing '"' at end of line
-    1 | %token A "a
-      |          ^~
-input.y:4.10-5.0: error: missing "'" at end of line
-    4 | %token C '1
-      |          ^~
-input.y:14.11-15.0: error: missing "'" at end of line
-   14 | %type <f> 'a
-      |           ^~
-input.y:16.11-17.0: error: missing '"' at end of line
-   16 | %type <f> "a
-      |           ^~
-input.y:19.13-20.0: error: missing '}' at end of file
-   19 | %destructor { free ($$)
-      |             ^~~~~~~~~~~
-input.y:20.1: error: unexpected end of file
+/Library/Developer/CommandLineTools/usr/bin/bison: unrecognized option `--color=no'
+Try `/Library/Developer/CommandLineTools/usr/bin/bison --help' for more information.
 
37. input.at:1691: 37. Unclosed constructs (input.at:1691): FAILED (input.at:1737)
