#                             -*- compilation -*-
9. input.at:250: testing Invalid symbol declarations ...
/input.at:295: COLUMNS=1000; export COLUMNS; NO_TERM_HYPERLINKS=1; export NO_TERM_HYPERLINKS; VALGRIND_OPTS="$VALGRIND_OPTS --leak-check=summary --show-reachable=no"; export VALGRIND_OPTS;  bison --color=no -fno-caret -fcaret input.y
--- -	2020-10-21 22:27:27.000000000 +0900
+++ /Users/peacesong/Workspace/College_Materials/2020-2/Compilers/bison-3.7/tests/testsuite.dir/at-groups/9/stderr	2020-10-21 22:27:27.000000000 +0900
@@ -1,28 +1,3 @@
-input.y:1.13-24: error: nonterminals cannot be given a string alias
-    1 | %nterm expr "expression";
-      |             ^~~~~~~~~~~~
-input.y:2.13-15: error: nonterminals cannot be given a token code
-    2 | %nterm term 123;
-      |             ^~~
-input.y:3.13-15: error: nonterminals cannot be given a token code
-    3 | %nterm fact 124 "factor";
-      |             ^~~
-input.y:3.17-24: error: nonterminals cannot be given a string alias
-    3 | %nterm fact 124 "factor";
-      |                 ^~~~~~~~
-input.y:4.8-10: error: character literals cannot be nonterminals
-    4 | %nterm '+' '*';
-      |        ^~~
-input.y:5.8-15: error: expected character literal or identifier or <tag> before string
-    5 | %nterm "number";
-      |        ^~~~~~~~
-input.y:6.8-13: error: expected character literal or identifier or <tag> before string
-    6 | %token "tok1" 1;
-      |        ^~~~~~
-input.y:7.14: error: unexpected integer literal
-    7 | %left "tok2" 2;
-      |              ^
-input.y:8.14: error: unexpected integer literal
-    8 | %type "tok3" 3;
-      |              ^
+/Library/Developer/CommandLineTools/usr/bin/bison: unrecognized option `--color=no'
+Try `/Library/Developer/CommandLineTools/usr/bin/bison --help' for more information.
 
9. input.at:250: 9. Invalid symbol declarations (input.at:250): FAILED (input.at:295)
